# JRE version: Java(TM) SE Runtime Environment (8.0_45-b15) (build 1.8.0_45-b15)
# Java VM: Java HotSpot(TM) 64-Bit Server VM (25.45-b02 mixed mode windows-amd64 )
Heap:
 PSYoungGen      total 7534592K, used 2954544K [0x0000000b80200000, 0x0000000d8dd00000, 0x0000001080200000)
  eden space 7444480K, 39% used [0x0000000b80200000,0x0000000c3474c0a0,0x0000000d46800000)
  from space 90112K, 0% used [0x0000000d4ed80000,0x0000000d4ed80000,0x0000000d54580000)
  to   space 136704K, 0% used [0x0000000d46800000,0x0000000d46800000,0x0000000d4ed80000)
 ParOldGen       total 876032K, used 154985K [0x0000000180200000, 0x00000001b5980000, 0x0000000b80200000)
  object space 876032K, 17% used [0x0000000180200000,0x000000018995a4d8,0x00000001b5980000)
 Metaspace       used 26881K, capacity 27235K, committed 27648K, reserved 28672K
GC Heap History (10 events):
Event: 1067.578 GC heap before
{Heap before GC invocations=192 (full 31):
 PSYoungGen      total 7577600K, used 62902K [0x0000000b80200000, 0x0000000d54580000, 0x0000001080200000)
  eden space 7483904K, 0% used [0x0000000b80200000,0x0000000b80200000,0x0000000d48e80000)
  from space 93696K, 67% used [0x0000000d48e80000,0x0000000d4cbedb90,0x0000000d4ea00000)
  to   space 90112K, 0% used [0x0000000d4ed80000,0x0000000d4ed80000,0x0000000d54580000)
 ParOldGen       total 876032K, used 167537K [0x0000000180200000, 0x00000001b5980000, 0x0000000b80200000)
  object space 876032K, 19% used [0x0000000180200000,0x000000018a59c430,0x00000001b5980000)
 Metaspace       used 26875K, capacity 27235K, committed 27648K, reserved 28672K
Event: 1067.680 GC heap after
Heap after GC invocations=192 (full 31):
 PSYoungGen      total 7577600K, used 0K [0x0000000b80200000, 0x0000000d54580000, 0x0000001080200000)
  eden space 7483904K, 0% used [0x0000000b80200000,0x0000000b80200000,0x0000000d48e80000)
  from space 93696K, 0% used [0x0000000d48e80000,0x0000000d48e80000,0x0000000d4ea00000)
  to   space 90112K, 0% used [0x0000000d4ed80000,0x0000000d4ed80000,0x0000000d54580000)
 ParOldGen       total 876032K, used 161432K [0x0000000180200000, 0x00000001b5980000, 0x0000000b80200000)
  object space 876032K, 18% used [0x0000000180200000,0x0000000189fa6140,0x00000001b5980000)
 Metaspace       used 26875K, capacity 27235K, committed 27648K, reserved 28672K
}
Event: 1068.262 GC heap before
{Heap before GC invocations=193 (full 31):
 PSYoungGen      total 7577600K, used 7483904K [0x0000000b80200000, 0x0000000d54580000, 0x0000001080200000)
  eden space 7483904K, 100% used [0x0000000b80200000,0x0000000d48e80000,0x0000000d48e80000)
  from space 93696K, 0% used [0x0000000d48e80000,0x0000000d48e80000,0x0000000d4ea00000)
  to   space 90112K, 0% used [0x0000000d4ed80000,0x0000000d4ed80000,0x0000000d54580000)
 ParOldGen       total 876032K, used 161432K [0x0000000180200000, 0x00000001b5980000, 0x0000000b80200000)
  object space 876032K, 18% used [0x0000000180200000,0x0000000189fa6140,0x00000001b5980000)
 Metaspace       used 26875K, capacity 27235K, committed 27648K, reserved 28672K
Event: 1068.272 GC heap after
Heap after GC invocations=193 (full 31):
 PSYoungGen      total 7574016K, used 19634K [0x0000000b80200000, 0x0000000d54580000, 0x0000001080200000)
  eden space 7483904K, 0% used [0x0000000b80200000,0x0000000b80200000,0x0000000d48e80000)
  from space 90112K, 21% used [0x0000000d4ed80000,0x0000000d500aca98,0x0000000d54580000)
  to   space 93696K, 0% used [0x0000000d48e80000,0x0000000d48e80000,0x0000000d4ea00000)
 ParOldGen       total 876032K, used 161432K [0x0000000180200000, 0x00000001b5980000, 0x0000000b80200000)
  object space 876032K, 18% used [0x0000000180200000,0x0000000189fa6140,0x00000001b5980000)
 Metaspace       used 26875K, capacity 27235K, committed 27648K, reserved 28672K
}
Event: 1078.503 GC heap before
{Heap before GC invocations=194 (full 31):
 PSYoungGen      total 7574016K, used 7503538K [0x0000000b80200000, 0x0000000d54580000, 0x0000001080200000)
  eden space 7483904K, 100% used [0x0000000b80200000,0x0000000d48e80000,0x0000000d48e80000)
  from space 90112K, 21% used [0x0000000d4ed80000,0x0000000d500aca98,0x0000000d54580000)
  to   space 93696K, 0% used [0x0000000d48e80000,0x0000000d48e80000,0x0000000d4ea00000)
 ParOldGen       total 876032K, used 161432K [0x0000000180200000, 0x00000001b5980000, 0x0000000b80200000)
  object space 876032K, 18% used [0x0000000180200000,0x0000000189fa6140,0x00000001b5980000)
 Metaspace       used 26875K, capacity 27235K, committed 27648K, reserved 28672K
Event: 1078.534 GC heap after
Heap after GC invocations=194 (full 31):
 PSYoungGen      total 7577600K, used 29421K [0x0000000b80200000, 0x0000000d54580000, 0x0000001080200000)
  eden space 7483904K, 0% used [0x0000000b80200000,0x0000000b80200000,0x0000000d48e80000)
  from space 93696K, 31% used [0x0000000d48e80000,0x0000000d4ab3b7f0,0x0000000d4ea00000)
  to   space 90112K, 0% used [0x0000000d4ed80000,0x0000000d4ed80000,0x0000000d54580000)
 ParOldGen       total 876032K, used 172771K [0x0000000180200000, 0x00000001b5980000, 0x0000000b80200000)
  object space 876032K, 19% used [0x0000000180200000,0x000000018aab8f30,0x00000001b5980000)
 Metaspace       used 26875K, capacity 27235K, committed 27648K, reserved 28672K
}
Event: 1088.907 GC heap before
{Heap before GC invocations=195 (full 31):
 PSYoungGen      total 7577600K, used 1320285K [0x0000000b80200000, 0x0000000d54580000, 0x0000001080200000)
  eden space 7483904K, 17% used [0x0000000b80200000,0x0000000bcee9beb0,0x0000000d48e80000)
  from space 93696K, 31% used [0x0000000d48e80000,0x0000000d4ab3b7f0,0x0000000d4ea00000)
  to   space 90112K, 0% used [0x0000000d4ed80000,0x0000000d4ed80000,0x0000000d54580000)
 ParOldGen       total 876032K, used 172771K [0x0000000180200000, 0x00000001b5980000, 0x0000000b80200000)
  object space 876032K, 19% used [0x0000000180200000,0x000000018aab8f30,0x00000001b5980000)
 Metaspace       used 26875K, capacity 27235K, committed 27648K, reserved 28672K
Event: 1088.949 GC heap after
Heap after GC invocations=195 (full 31):
 PSYoungGen      total 7534592K, used 56296K [0x0000000b80200000, 0x0000000d8dd00000, 0x0000001080200000)
  eden space 7444480K, 0% used [0x0000000b80200000,0x0000000b80200000,0x0000000d46800000)
  from space 90112K, 62% used [0x0000000d4ed80000,0x0000000d5247a318,0x0000000d54580000)
  to   space 136704K, 0% used [0x0000000d46800000,0x0000000d46800000,0x0000000d4ed80000)
 ParOldGen       total 876032K, used 174731K [0x0000000180200000, 0x00000001b5980000, 0x0000000b80200000)
  object space 876032K, 19% used [0x0000000180200000,0x000000018aca2f30,0x00000001b5980000)
 Metaspace       used 26875K, capacity 27235K, committed 27648K, reserved 28672K
}
Event: 1088.949 GC heap before
{Heap before GC invocations=196 (full 32):
 PSYoungGen      total 7534592K, used 56296K [0x0000000b80200000, 0x0000000d8dd00000, 0x0000001080200000)
  eden space 7444480K, 0% used [0x0000000b80200000,0x0000000b80200000,0x0000000d46800000)
  from space 90112K, 62% used [0x0000000d4ed80000,0x0000000d5247a318,0x0000000d54580000)
  to   space 136704K, 0% used [0x0000000d46800000,0x0000000d46800000,0x0000000d4ed80000)
 ParOldGen       total 876032K, used 174731K [0x0000000180200000, 0x00000001b5980000, 0x0000000b80200000)
  object space 876032K, 19% used [0x0000000180200000,0x000000018aca2f30,0x00000001b5980000)
 Metaspace       used 26875K, capacity 27235K, committed 27648K, reserved 28672K
Event: 1089.080 GC heap after
Heap after GC invocations=196 (full 32):
 PSYoungGen      total 7534592K, used 0K [0x0000000b80200000, 0x0000000d8dd00000, 0x0000001080200000)
  eden space 7444480K, 0% used [0x0000000b80200000,0x0000000b80200000,0x0000000d46800000)
  from space 90112K, 0% used [0x0000000d4ed80000,0x0000000d4ed80000,0x0000000d54580000)
  to   space 136704K, 0% used [0x0000000d46800000,0x0000000d46800000,0x0000000d4ed80000)
 ParOldGen       total 876032K, used 154985K [0x0000000180200000, 0x00000001b5980000, 0x0000000b80200000)
  object space 876032K, 17% used [0x0000000180200000,0x000000018995a4d8,0x00000001b5980000)
 Metaspace       used 26875K, capacity 27235K, committed 27648K, reserved 28672K
}

