# JRE version: Java(TM) SE Runtime Environment (8.0_45-b15) (build 1.8.0_45-b15)
# Java VM: Java HotSpot(TM) 64-Bit Server VM (25.45-b02 mixed mode windows-amd64 )
Heap:
 PSYoungGen      total 20167680K, used 3831152K [0x0000000b80200000, 0x0000001080200000, 0x0000001080200000)
  eden space 19416064K, 17% used [0x0000000b80200000,0x0000000c4fd51d58,0x0000001021300000)
  from space 751616K, 56% used [0x0000001052400000,0x000000106c60a3b0,0x0000001080200000)
  to   space 777728K, 0% used [0x0000001021300000,0x0000001021300000,0x0000001050a80000)
 ParOldGen       total 1931264K, used 1526362K [0x0000000180200000, 0x00000001f6000000, 0x0000000b80200000)
  object space 1931264K, 79% used [0x0000000180200000,0x00000001dd4969c0,0x00000001f6000000)
 Metaspace       used 26755K, capacity 27176K, committed 27392K, reserved 28672K
GC Heap History (10 events):
Event: 993.164 GC heap before
{Heap before GC invocations=62 (full 8):
 PSYoungGen      total 20193792K, used 19416064K [0x0000000b80200000, 0x0000001080200000, 0x0000001080200000)
  eden space 19416064K, 100% used [0x0000000b80200000,0x0000001021300000,0x0000001021300000)
  from space 777728K, 0% used [0x0000001021300000,0x0000001021300000,0x0000001050a80000)
  to   space 769536K, 0% used [0x0000001051280000,0x0000001051280000,0x0000001080200000)
 ParOldGen       total 1931264K, used 1409968K [0x0000000180200000, 0x00000001f6000000, 0x0000000b80200000)
  object space 1931264K, 73% used [0x0000000180200000,0x00000001d62ec1a8,0x00000001f6000000)
 Metaspace       used 26746K, capacity 27176K, committed 27392K, reserved 28672K
Event: 993.205 GC heap after
Heap after GC invocations=62 (full 8):
 PSYoungGen      total 20135424K, used 77045K [0x0000000b80200000, 0x000000107c900000, 0x0000001080200000)
  eden space 19424256K, 0% used [0x0000000b80200000,0x0000000b80200000,0x0000001021b00000)
  from space 711168K, 10% used [0x0000001051280000,0x0000001055dbd7d8,0x000000107c900000)
  to   space 744448K, 0% used [0x0000001021b00000,0x0000001021b00000,0x000000104f200000)
 ParOldGen       total 1931264K, used 1409968K [0x0000000180200000, 0x00000001f6000000, 0x0000000b80200000)
  object space 1931264K, 73% used [0x0000000180200000,0x00000001d62ec1a8,0x00000001f6000000)
 Metaspace       used 26746K, capacity 27176K, committed 27392K, reserved 28672K
}
Event: 994.308 GC heap before
{Heap before GC invocations=63 (full 8):
 PSYoungGen      total 20135424K, used 19501301K [0x0000000b80200000, 0x000000107c900000, 0x0000001080200000)
  eden space 19424256K, 100% used [0x0000000b80200000,0x0000001021b00000,0x0000001021b00000)
  from space 711168K, 10% used [0x0000001051280000,0x0000001055dbd7d8,0x000000107c900000)
  to   space 744448K, 0% used [0x0000001021b00000,0x0000001021b00000,0x000000104f200000)
 ParOldGen       total 1931264K, used 1409968K [0x0000000180200000, 0x00000001f6000000, 0x0000000b80200000)
  object space 1931264K, 73% used [0x0000000180200000,0x00000001d62ec1a8,0x00000001f6000000)
 Metaspace       used 26746K, capacity 27176K, committed 27392K, reserved 28672K
Event: 994.348 GC heap after
Heap after GC invocations=63 (full 8):
 PSYoungGen      total 20168704K, used 14208K [0x0000000b80200000, 0x0000001080200000, 0x0000001080200000)
  eden space 19424256K, 0% used [0x0000000b80200000,0x0000000b80200000,0x0000001021b00000)
  from space 744448K, 1% used [0x0000001021b00000,0x00000010228e0000,0x000000104f200000)
  to   space 728576K, 0% used [0x0000001053a80000,0x0000001053a80000,0x0000001080200000)
 ParOldGen       total 1931264K, used 1483584K [0x0000000180200000, 0x00000001f6000000, 0x0000000b80200000)
  object space 1931264K, 76% used [0x0000000180200000,0x00000001daad00c0,0x00000001f6000000)
 Metaspace       used 26746K, capacity 27176K, committed 27392K, reserved 28672K
}
Event: 995.446 GC heap before
{Heap before GC invocations=64 (full 8):
 PSYoungGen      total 20168704K, used 19438464K [0x0000000b80200000, 0x0000001080200000, 0x0000001080200000)
  eden space 19424256K, 100% used [0x0000000b80200000,0x0000001021b00000,0x0000001021b00000)
  from space 744448K, 1% used [0x0000001021b00000,0x00000010228e0000,0x000000104f200000)
  to   space 728576K, 0% used [0x0000001053a80000,0x0000001053a80000,0x0000001080200000)
 ParOldGen       total 1931264K, used 1483584K [0x0000000180200000, 0x00000001f6000000, 0x0000000b80200000)
  object space 1931264K, 76% used [0x0000000180200000,0x00000001daad00c0,0x00000001f6000000)
 Metaspace       used 26746K, capacity 27176K, committed 27392K, reserved 28672K
Event: 995.556 GC heap after
Heap after GC invocations=64 (full 8):
 PSYoungGen      total 20171264K, used 14400K [0x0000000b80200000, 0x000000107cb80000, 0x0000001080200000)
  eden space 19498496K, 0% used [0x0000000b80200000,0x0000000b80200000,0x0000001026380000)
  from space 672768K, 2% used [0x0000001053a80000,0x0000001054890000,0x000000107cb80000)
  to   space 708608K, 0% used [0x0000001026380000,0x0000001026380000,0x0000001051780000)
 ParOldGen       total 1931264K, used 1497688K [0x0000000180200000, 0x00000001f6000000, 0x0000000b80200000)
  object space 1931264K, 77% used [0x0000000180200000,0x00000001db8960c0,0x00000001f6000000)
 Metaspace       used 26746K, capacity 27176K, committed 27392K, reserved 28672K
}
Event: 1014.229 GC heap before
{Heap before GC invocations=65 (full 8):
 PSYoungGen      total 20171264K, used 19512896K [0x0000000b80200000, 0x000000107cb80000, 0x0000001080200000)
  eden space 19498496K, 100% used [0x0000000b80200000,0x0000001026380000,0x0000001026380000)
  from space 672768K, 2% used [0x0000001053a80000,0x0000001054890000,0x000000107cb80000)
  to   space 708608K, 0% used [0x0000001026380000,0x0000001026380000,0x0000001051780000)
 ParOldGen       total 1931264K, used 1497688K [0x0000000180200000, 0x00000001f6000000, 0x0000000b80200000)
  object space 1931264K, 77% used [0x0000000180200000,0x00000001db8960c0,0x00000001f6000000)
 Metaspace       used 26750K, capacity 27176K, committed 27392K, reserved 28672K
Event: 1014.319 GC heap after
Heap after GC invocations=65 (full 8):
 PSYoungGen      total 20207104K, used 443151K [0x0000000b80200000, 0x0000001080200000, 0x0000001080200000)
  eden space 19498496K, 0% used [0x0000000b80200000,0x0000000b80200000,0x0000001026380000)
  from space 708608K, 62% used [0x0000001026380000,0x0000001041443f58,0x0000001051780000)
  to   space 751616K, 0% used [0x0000001052400000,0x0000001052400000,0x0000001080200000)
 ParOldGen       total 1931264K, used 1511768K [0x0000000180200000, 0x00000001f6000000, 0x0000000b80200000)
  object space 1931264K, 78% used [0x0000000180200000,0x00000001dc6560c0,0x00000001f6000000)
 Metaspace       used 26750K, capacity 27176K, committed 27392K, reserved 28672K
}
Event: 1027.859 GC heap before
{Heap before GC invocations=66 (full 8):
 PSYoungGen      total 20207104K, used 19941647K [0x0000000b80200000, 0x0000001080200000, 0x0000001080200000)
  eden space 19498496K, 100% used [0x0000000b80200000,0x0000001026380000,0x0000001026380000)
  from space 708608K, 62% used [0x0000001026380000,0x0000001041443f58,0x0000001051780000)
  to   space 751616K, 0% used [0x0000001052400000,0x0000001052400000,0x0000001080200000)
 ParOldGen       total 1931264K, used 1511768K [0x0000000180200000, 0x00000001f6000000, 0x0000000b80200000)
  object space 1931264K, 78% used [0x0000000180200000,0x00000001dc6560c0,0x00000001f6000000)
 Metaspace       used 26750K, capacity 27176K, committed 27392K, reserved 28672K
Event: 1027.929 GC heap after
Heap after GC invocations=66 (full 8):
 PSYoungGen      total 20167680K, used 428072K [0x0000000b80200000, 0x0000001080200000, 0x0000001080200000)
  eden space 19416064K, 0% used [0x0000000b80200000,0x0000000b80200000,0x0000001021300000)
  from space 751616K, 56% used [0x0000001052400000,0x000000106c60a3b0,0x0000001080200000)
  to   space 777728K, 0% used [0x0000001021300000,0x0000001021300000,0x0000001050a80000)
 ParOldGen       total 1931264K, used 1526362K [0x0000000180200000, 0x00000001f6000000, 0x0000000b80200000)
  object space 1931264K, 79% used [0x0000000180200000,0x00000001dd4969c0,0x00000001f6000000)
 Metaspace       used 26750K, capacity 27176K, committed 27392K, reserved 28672K
}

