# JRE version: Java(TM) SE Runtime Environment (8.0_45-b15) (build 1.8.0_45-b15)
# Java VM: Java HotSpot(TM) 64-Bit Server VM (25.45-b02 mixed mode windows-amd64 )
Heap:
 PSYoungGen      total 13851136K, used 11617280K [0x0000000b80200000, 0x0000001080200000, 0x0000001080200000)
  eden space 11617280K, 100% used [0x0000000b80200000,0x0000000e45300000,0x0000000e45300000)
  from space 2233856K, 0% used [0x0000000ff7c80000,0x0000000ff7c80000,0x0000001080200000)
  to   space 4677120K, 25% used [0x0000000e45300000,0x0000000e8d53c9e8,0x0000000f62a80000)
 ParOldGen       total 29537792K, used 26951392K [0x0000000180200000, 0x000000088af80000, 0x0000000b80200000)
  object space 29537792K, 91% used [0x0000000180200000,0x00000007ed1b8068,0x000000088af80000)
 Metaspace       used 28925K, capacity 29337K, committed 29696K, reserved 30720K
GC Heap History (10 events):
Event: 71400.241 GC heap after
Heap after GC invocations=2062 (full 36):
 PSYoungGen      total 17260544K, used 756732K [0x0000000b80200000, 0x0000001080200000, 0x0000001080200000)
  eden space 16503808K, 0% used [0x0000000b80200000,0x0000000b80200000,0x0000000f6f700000)
  from space 756736K, 99% used [0x0000001047580000,0x000000107587f038,0x0000001075880000)
  to   space 2233856K, 0% used [0x0000000f6f700000,0x0000000f6f700000,0x0000000ff7c80000)
 ParOldGen       total 29392896K, used 26651137K [0x0000000180200000, 0x0000000882200000, 0x0000000b80200000)
  object space 29392896K, 90% used [0x0000000180200000,0x00000007dac80628,0x0000000882200000)
 Metaspace       used 28925K, capacity 29337K, committed 29696K, reserved 30720K
}
Event: 71416.392 GC heap before
{Heap before GC invocations=2063 (full 36):
 PSYoungGen      total 17260544K, used 17260540K [0x0000000b80200000, 0x0000001080200000, 0x0000001080200000)
  eden space 16503808K, 100% used [0x0000000b80200000,0x0000000f6f700000,0x0000000f6f700000)
  from space 756736K, 99% used [0x0000001047580000,0x000000107587f038,0x0000001075880000)
  to   space 2233856K, 0% used [0x0000000f6f700000,0x0000000f6f700000,0x0000000ff7c80000)
 ParOldGen       total 29392896K, used 26651137K [0x0000000180200000, 0x0000000882200000, 0x0000000b80200000)
  object space 29392896K, 90% used [0x0000000180200000,0x00000007dac80628,0x0000000882200000)
 Metaspace       used 28925K, capacity 29337K, committed 29696K, reserved 30720K
Event: 71417.526 GC heap after
Heap after GC invocations=2063 (full 36):
 PSYoungGen      total 18737664K, used 2233834K [0x0000000b80200000, 0x0000001080200000, 0x0000001080200000)
  eden space 16503808K, 0% used [0x0000000b80200000,0x0000000b80200000,0x0000000f6f700000)
  from space 2233856K, 99% used [0x0000000f6f700000,0x0000000ff7c7aa50,0x0000000ff7c80000)
  to   space 2233856K, 0% used [0x0000000ff7c80000,0x0000000ff7c80000,0x0000001080200000)
 ParOldGen       total 29392896K, used 28894586K [0x0000000180200000, 0x0000000882200000, 0x0000000b80200000)
  object space 29392896K, 98% used [0x0000000180200000,0x0000000863b5e848,0x0000000882200000)
 Metaspace       used 28925K, capacity 29337K, committed 29696K, reserved 30720K
}
Event: 71417.526 GC heap before
{Heap before GC invocations=2064 (full 37):
 PSYoungGen      total 18737664K, used 2233834K [0x0000000b80200000, 0x0000001080200000, 0x0000001080200000)
  eden space 16503808K, 0% used [0x0000000b80200000,0x0000000b80200000,0x0000000f6f700000)
  from space 2233856K, 99% used [0x0000000f6f700000,0x0000000ff7c7aa50,0x0000000ff7c80000)
  to   space 2233856K, 0% used [0x0000000ff7c80000,0x0000000ff7c80000,0x0000001080200000)
 ParOldGen       total 29392896K, used 28894586K [0x0000000180200000, 0x0000000882200000, 0x0000000b80200000)
  object space 29392896K, 98% used [0x0000000180200000,0x0000000863b5e848,0x0000000882200000)
 Metaspace       used 28925K, capacity 29337K, committed 29696K, reserved 30720K
Event: 71465.713 GC heap after
Heap after GC invocations=2064 (full 37):
 PSYoungGen      total 18737664K, used 0K [0x0000000b80200000, 0x0000001080200000, 0x0000001080200000)
  eden space 16503808K, 0% used [0x0000000b80200000,0x0000000b80200000,0x0000000f6f700000)
  from space 2233856K, 0% used [0x0000000f6f700000,0x0000000f6f700000,0x0000000ff7c80000)
  to   space 2233856K, 0% used [0x0000000ff7c80000,0x0000000ff7c80000,0x0000001080200000)
 ParOldGen       total 29392896K, used 27050175K [0x0000000180200000, 0x0000000882200000, 0x0000000b80200000)
  object space 29392896K, 92% used [0x0000000180200000,0x00000007f322fee0,0x0000000882200000)
 Metaspace       used 28925K, capacity 29337K, committed 29696K, reserved 30720K
}
Event: 71481.548 GC heap before
{Heap before GC invocations=2065 (full 37):
 PSYoungGen      total 18737664K, used 16503808K [0x0000000b80200000, 0x0000001080200000, 0x0000001080200000)
  eden space 16503808K, 100% used [0x0000000b80200000,0x0000000f6f700000,0x0000000f6f700000)
  from space 2233856K, 0% used [0x0000000f6f700000,0x0000000f6f700000,0x0000000ff7c80000)
  to   space 2233856K, 0% used [0x0000000ff7c80000,0x0000000ff7c80000,0x0000001080200000)
 ParOldGen       total 29392896K, used 27050175K [0x0000000180200000, 0x0000000882200000, 0x0000000b80200000)
  object space 29392896K, 92% used [0x0000000180200000,0x00000007f322fee0,0x0000000882200000)
 Metaspace       used 28925K, capacity 29337K, committed 29696K, reserved 30720K
Event: 71482.826 GC heap after
Heap after GC invocations=2065 (full 37):
 PSYoungGen      total 13851136K, used 2233836K [0x0000000b80200000, 0x0000001080200000, 0x0000001080200000)
  eden space 11617280K, 0% used [0x0000000b80200000,0x0000000b80200000,0x0000000e45300000)
  from space 2233856K, 99% used [0x0000000ff7c80000,0x00000010801fb3a0,0x0000001080200000)
  to   space 4677120K, 0% used [0x0000000e45300000,0x0000000e45300000,0x0000000f62a80000)
 ParOldGen       total 29537792K, used 29536060K [0x0000000180200000, 0x000000088af80000, 0x0000000b80200000)
  object space 29537792K, 99% used [0x0000000180200000,0x000000088adcf158,0x000000088af80000)
 Metaspace       used 28925K, capacity 29337K, committed 29696K, reserved 30720K
}
Event: 71482.826 GC heap before
{Heap before GC invocations=2066 (full 38):
 PSYoungGen      total 13851136K, used 2233836K [0x0000000b80200000, 0x0000001080200000, 0x0000001080200000)
  eden space 11617280K, 0% used [0x0000000b80200000,0x0000000b80200000,0x0000000e45300000)
  from space 2233856K, 99% used [0x0000000ff7c80000,0x00000010801fb3a0,0x0000001080200000)
  to   space 4677120K, 0% used [0x0000000e45300000,0x0000000e45300000,0x0000000f62a80000)
 ParOldGen       total 29537792K, used 29536060K [0x0000000180200000, 0x000000088af80000, 0x0000000b80200000)
  object space 29537792K, 99% used [0x0000000180200000,0x000000088adcf158,0x000000088af80000)
 Metaspace       used 28925K, capacity 29337K, committed 29696K, reserved 30720K
Event: 71531.381 GC heap after
Heap after GC invocations=2066 (full 38):
 PSYoungGen      total 13851136K, used 0K [0x0000000b80200000, 0x0000001080200000, 0x0000001080200000)
  eden space 11617280K, 0% used [0x0000000b80200000,0x0000000b80200000,0x0000000e45300000)
  from space 2233856K, 0% used [0x0000000ff7c80000,0x0000000ff7c80000,0x0000001080200000)
  to   space 4677120K, 0% used [0x0000000e45300000,0x0000000e45300000,0x0000000f62a80000)
 ParOldGen       total 29537792K, used 26951392K [0x0000000180200000, 0x000000088af80000, 0x0000000b80200000)
  object space 29537792K, 91% used [0x0000000180200000,0x00000007ed1b8068,0x000000088af80000)
 Metaspace       used 28925K, capacity 29337K, committed 29696K, reserved 30720K
}
Event: 71541.655 GC heap before
{Heap before GC invocations=2067 (full 38):
 PSYoungGen      total 13851136K, used 11617280K [0x0000000b80200000, 0x0000001080200000, 0x0000001080200000)
  eden space 11617280K, 100% used [0x0000000b80200000,0x0000000e45300000,0x0000000e45300000)
  from space 2233856K, 0% used [0x0000000ff7c80000,0x0000000ff7c80000,0x0000001080200000)
  to   space 4677120K, 0% used [0x0000000e45300000,0x0000000e45300000,0x0000000f62a80000)
 ParOldGen       total 29537792K, used 26951392K [0x0000000180200000, 0x000000088af80000, 0x0000000b80200000)
  object space 29537792K, 91% used [0x0000000180200000,0x00000007ed1b8068,0x000000088af80000)
 Metaspace       used 28925K, capacity 29337K, committed 29696K, reserved 30720K

