# JRE version: Java(TM) SE Runtime Environment (8.0_45-b15) (build 1.8.0_45-b15)
# Java VM: Java HotSpot(TM) 64-Bit Server VM (25.45-b02 mixed mode windows-amd64 )
Heap:
 PSYoungGen      total 1461760K, used 1100256K [0x0000000b80200000, 0x0000000be9980000, 0x0000001080200000)
  eden space 1427968K, 76% used [0x0000000b80200000,0x0000000bc2ed83a0,0x0000000bd7480000)
  from space 33792K, 17% used [0x0000000bd7480000,0x0000000bd7a20000,0x0000000bd9580000)
  to   space 99328K, 0% used [0x0000000bd9580000,0x0000000bd9580000,0x0000000bdf680000)
 ParOldGen       total 723456K, used 392737K [0x0000000180200000, 0x00000001ac480000, 0x0000000b80200000)
  object space 723456K, 54% used [0x0000000180200000,0x00000001981885a0,0x00000001ac480000)
 Metaspace       used 25525K, capacity 25930K, committed 26112K, reserved 26624K
GC Heap History (10 events):
Event: 151.588 GC heap before
{Heap before GC invocations=35 (full 2):
 PSYoungGen      total 1452544K, used 1358656K [0x0000000b80200000, 0x0000000bdf680000, 0x0000001080200000)
  eden space 1353216K, 100% used [0x0000000b80200000,0x0000000bd2b80000,0x0000000bd2b80000)
  from space 99328K, 5% used [0x0000000bd9580000,0x0000000bd9ad0000,0x0000000bdf680000)
  to   space 103936K, 0% used [0x0000000bd2b80000,0x0000000bd2b80000,0x0000000bd9100000)
 ParOldGen       total 723456K, used 365433K [0x0000000180200000, 0x00000001ac480000, 0x0000000b80200000)
  object space 723456K, 50% used [0x0000000180200000,0x00000001966de5a0,0x00000001ac480000)
 Metaspace       used 25172K, capacity 25610K, committed 25856K, reserved 26624K
Event: 151.606 GC heap after
Heap after GC invocations=35 (full 2):
 PSYoungGen      total 1457152K, used 5504K [0x0000000b80200000, 0x0000000bdf680000, 0x0000001080200000)
  eden space 1353216K, 0% used [0x0000000b80200000,0x0000000b80200000,0x0000000bd2b80000)
  from space 103936K, 5% used [0x0000000bd2b80000,0x0000000bd30e0000,0x0000000bd9100000)
  to   space 99328K, 0% used [0x0000000bd9580000,0x0000000bd9580000,0x0000000bdf680000)
 ParOldGen       total 723456K, used 370793K [0x0000000180200000, 0x00000001ac480000, 0x0000000b80200000)
  object space 723456K, 51% used [0x0000000180200000,0x0000000196c1a5a0,0x00000001ac480000)
 Metaspace       used 25172K, capacity 25610K, committed 25856K, reserved 26624K
}
Event: 152.394 GC heap before
{Heap before GC invocations=36 (full 2):
 PSYoungGen      total 1457152K, used 1358720K [0x0000000b80200000, 0x0000000bdf680000, 0x0000001080200000)
  eden space 1353216K, 100% used [0x0000000b80200000,0x0000000bd2b80000,0x0000000bd2b80000)
  from space 103936K, 5% used [0x0000000bd2b80000,0x0000000bd30e0000,0x0000000bd9100000)
  to   space 99328K, 0% used [0x0000000bd9580000,0x0000000bd9580000,0x0000000bdf680000)
 ParOldGen       total 723456K, used 370793K [0x0000000180200000, 0x00000001ac480000, 0x0000000b80200000)
  object space 723456K, 51% used [0x0000000180200000,0x0000000196c1a5a0,0x00000001ac480000)
 Metaspace       used 25172K, capacity 25610K, committed 25856K, reserved 26624K
Event: 152.409 GC heap after
Heap after GC invocations=36 (full 2):
 PSYoungGen      total 1527296K, used 5472K [0x0000000b80200000, 0x0000000be9980000, 0x0000001080200000)
  eden space 1427968K, 0% used [0x0000000b80200000,0x0000000b80200000,0x0000000bd7480000)
  from space 99328K, 5% used [0x0000000bd9580000,0x0000000bd9ad8000,0x0000000bdf680000)
  to   space 33792K, 0% used [0x0000000bd7480000,0x0000000bd7480000,0x0000000bd9580000)
 ParOldGen       total 723456K, used 376113K [0x0000000180200000, 0x00000001ac480000, 0x0000000b80200000)
  object space 723456K, 51% used [0x0000000180200000,0x000000019714c5a0,0x00000001ac480000)
 Metaspace       used 25172K, capacity 25610K, committed 25856K, reserved 26624K
}
Event: 153.257 GC heap before
{Heap before GC invocations=37 (full 2):
 PSYoungGen      total 1527296K, used 1433440K [0x0000000b80200000, 0x0000000be9980000, 0x0000001080200000)
  eden space 1427968K, 100% used [0x0000000b80200000,0x0000000bd7480000,0x0000000bd7480000)
  from space 99328K, 5% used [0x0000000bd9580000,0x0000000bd9ad8000,0x0000000bdf680000)
  to   space 33792K, 0% used [0x0000000bd7480000,0x0000000bd7480000,0x0000000bd9580000)
 ParOldGen       total 723456K, used 376113K [0x0000000180200000, 0x00000001ac480000, 0x0000000b80200000)
  object space 723456K, 51% used [0x0000000180200000,0x000000019714c5a0,0x00000001ac480000)
 Metaspace       used 25172K, capacity 25610K, committed 25856K, reserved 26624K
Event: 153.289 GC heap after
Heap after GC invocations=37 (full 2):
 PSYoungGen      total 1461760K, used 5888K [0x0000000b80200000, 0x0000000be9980000, 0x0000001080200000)
  eden space 1427968K, 0% used [0x0000000b80200000,0x0000000b80200000,0x0000000bd7480000)
  from space 33792K, 17% used [0x0000000bd7480000,0x0000000bd7a40000,0x0000000bd9580000)
  to   space 99328K, 0% used [0x0000000bd9580000,0x0000000bd9580000,0x0000000bdf680000)
 ParOldGen       total 723456K, used 381473K [0x0000000180200000, 0x00000001ac480000, 0x0000000b80200000)
  object space 723456K, 52% used [0x0000000180200000,0x00000001976885a0,0x00000001ac480000)
 Metaspace       used 25172K, capacity 25610K, committed 25856K, reserved 26624K
}
Event: 154.127 GC heap before
{Heap before GC invocations=38 (full 2):
 PSYoungGen      total 1461760K, used 1433856K [0x0000000b80200000, 0x0000000be9980000, 0x0000001080200000)
  eden space 1427968K, 100% used [0x0000000b80200000,0x0000000bd7480000,0x0000000bd7480000)
  from space 33792K, 17% used [0x0000000bd7480000,0x0000000bd7a40000,0x0000000bd9580000)
  to   space 99328K, 0% used [0x0000000bd9580000,0x0000000bd9580000,0x0000000bdf680000)
 ParOldGen       total 723456K, used 381473K [0x0000000180200000, 0x00000001ac480000, 0x0000000b80200000)
  object space 723456K, 52% used [0x0000000180200000,0x00000001976885a0,0x00000001ac480000)
 Metaspace       used 25172K, capacity 25610K, committed 25856K, reserved 26624K
Event: 154.154 GC heap after
Heap after GC invocations=38 (full 2):
 PSYoungGen      total 1527296K, used 5792K [0x0000000b80200000, 0x0000000be9980000, 0x0000001080200000)
  eden space 1427968K, 0% used [0x0000000b80200000,0x0000000b80200000,0x0000000bd7480000)
  from space 99328K, 5% used [0x0000000bd9580000,0x0000000bd9b28000,0x0000000bdf680000)
  to   space 33792K, 0% used [0x0000000bd7480000,0x0000000bd7480000,0x0000000bd9580000)
 ParOldGen       total 723456K, used 387121K [0x0000000180200000, 0x00000001ac480000, 0x0000000b80200000)
  object space 723456K, 53% used [0x0000000180200000,0x0000000197c0c5a0,0x00000001ac480000)
 Metaspace       used 25172K, capacity 25610K, committed 25856K, reserved 26624K
}
Event: 154.991 GC heap before
{Heap before GC invocations=39 (full 2):
 PSYoungGen      total 1527296K, used 1433760K [0x0000000b80200000, 0x0000000be9980000, 0x0000001080200000)
  eden space 1427968K, 100% used [0x0000000b80200000,0x0000000bd7480000,0x0000000bd7480000)
  from space 99328K, 5% used [0x0000000bd9580000,0x0000000bd9b28000,0x0000000bdf680000)
  to   space 33792K, 0% used [0x0000000bd7480000,0x0000000bd7480000,0x0000000bd9580000)
 ParOldGen       total 723456K, used 387121K [0x0000000180200000, 0x00000001ac480000, 0x0000000b80200000)
  object space 723456K, 53% used [0x0000000180200000,0x0000000197c0c5a0,0x00000001ac480000)
 Metaspace       used 25172K, capacity 25610K, committed 25856K, reserved 26624K
Event: 155.011 GC heap after
Heap after GC invocations=39 (full 2):
 PSYoungGen      total 1461760K, used 5760K [0x0000000b80200000, 0x0000000be9980000, 0x0000001080200000)
  eden space 1427968K, 0% used [0x0000000b80200000,0x0000000b80200000,0x0000000bd7480000)
  from space 33792K, 17% used [0x0000000bd7480000,0x0000000bd7a20000,0x0000000bd9580000)
  to   space 99328K, 0% used [0x0000000bd9580000,0x0000000bd9580000,0x0000000bdf680000)
 ParOldGen       total 723456K, used 392737K [0x0000000180200000, 0x00000001ac480000, 0x0000000b80200000)
  object space 723456K, 54% used [0x0000000180200000,0x00000001981885a0,0x00000001ac480000)
 Metaspace       used 25172K, capacity 25610K, committed 25856K, reserved 26624K
}

