# JRE version: Java(TM) SE Runtime Environment (8.0_45-b15) (build 1.8.0_45-b15)
# Java VM: Java HotSpot(TM) 64-Bit Server VM (25.45-b02 mixed mode windows-amd64 )
Heap:
 PSYoungGen      total 8768512K, used 1667332K [0x0000000b80200000, 0x0000000dca200000, 0x0000001080200000)
  eden space 8541696K, 18% used [0x0000000b80200000,0x0000000be0ae62e8,0x0000000d89780000)
  from space 226816K, 37% used [0x0000000dbc480000,0x0000000dc17daf68,0x0000000dca200000)
  to   space 231424K, 0% used [0x0000000d89780000,0x0000000d89780000,0x0000000d97980000)
 ParOldGen       total 404992K, used 215959K [0x0000000180200000, 0x0000000198d80000, 0x0000000b80200000)
  object space 404992K, 53% used [0x0000000180200000,0x000000018d4e5dc0,0x0000000198d80000)
 Metaspace       used 25676K, capacity 26078K, committed 26368K, reserved 26624K
GC Heap History (10 events):
Event: 3590.500 GC heap before
{Heap before GC invocations=238 (full 53):
 PSYoungGen      total 8768512K, used 2887645K [0x0000000b80200000, 0x0000000dca200000, 0x0000001080200000)
  eden space 8541696K, 32% used [0x0000000b80200000,0x0000000c28d87f60,0x0000000d89780000)
  from space 226816K, 54% used [0x0000000dbc480000,0x0000000dc3cef7c8,0x0000000dca200000)
  to   space 231424K, 0% used [0x0000000d89780000,0x0000000d89780000,0x0000000d97980000)
 ParOldGen       total 404992K, used 220808K [0x0000000180200000, 0x0000000198d80000, 0x0000000b80200000)
  object space 404992K, 54% used [0x0000000180200000,0x000000018d9a2340,0x0000000198d80000)
 Metaspace       used 25672K, capacity 26078K, committed 26368K, reserved 26624K
Event: 3590.532 GC heap after
Heap after GC invocations=238 (full 53):
 PSYoungGen      total 8773120K, used 55792K [0x0000000b80200000, 0x0000000dca200000, 0x0000001080200000)
  eden space 8541696K, 0% used [0x0000000b80200000,0x0000000b80200000,0x0000000d89780000)
  from space 231424K, 24% used [0x0000000d89780000,0x0000000d8cdfc048,0x0000000d97980000)
  to   space 226816K, 0% used [0x0000000dbc480000,0x0000000dbc480000,0x0000000dca200000)
 ParOldGen       total 404992K, used 223568K [0x0000000180200000, 0x0000000198d80000, 0x0000000b80200000)
  object space 404992K, 55% used [0x0000000180200000,0x000000018dc54340,0x0000000198d80000)
 Metaspace       used 25672K, capacity 26078K, committed 26368K, reserved 26624K
}
Event: 3590.532 GC heap before
{Heap before GC invocations=239 (full 54):
 PSYoungGen      total 8773120K, used 55792K [0x0000000b80200000, 0x0000000dca200000, 0x0000001080200000)
  eden space 8541696K, 0% used [0x0000000b80200000,0x0000000b80200000,0x0000000d89780000)
  from space 231424K, 24% used [0x0000000d89780000,0x0000000d8cdfc048,0x0000000d97980000)
  to   space 226816K, 0% used [0x0000000dbc480000,0x0000000dbc480000,0x0000000dca200000)
 ParOldGen       total 404992K, used 223568K [0x0000000180200000, 0x0000000198d80000, 0x0000000b80200000)
  object space 404992K, 55% used [0x0000000180200000,0x000000018dc54340,0x0000000198d80000)
 Metaspace       used 25672K, capacity 26078K, committed 26368K, reserved 26624K
Event: 3590.767 GC heap after
Heap after GC invocations=239 (full 54):
 PSYoungGen      total 8773120K, used 0K [0x0000000b80200000, 0x0000000dca200000, 0x0000001080200000)
  eden space 8541696K, 0% used [0x0000000b80200000,0x0000000b80200000,0x0000000d89780000)
  from space 231424K, 0% used [0x0000000d89780000,0x0000000d89780000,0x0000000d97980000)
  to   space 226816K, 0% used [0x0000000dbc480000,0x0000000dbc480000,0x0000000dca200000)
 ParOldGen       total 404992K, used 202285K [0x0000000180200000, 0x0000000198d80000, 0x0000000b80200000)
  object space 404992K, 49% used [0x0000000180200000,0x000000018c78b4e8,0x0000000198d80000)
 Metaspace       used 25672K, capacity 26078K, committed 26368K, reserved 26624K
}
Event: 3591.458 GC heap before
{Heap before GC invocations=240 (full 54):
 PSYoungGen      total 8773120K, used 8541696K [0x0000000b80200000, 0x0000000dca200000, 0x0000001080200000)
  eden space 8541696K, 100% used [0x0000000b80200000,0x0000000d89780000,0x0000000d89780000)
  from space 231424K, 0% used [0x0000000d89780000,0x0000000d89780000,0x0000000d97980000)
  to   space 226816K, 0% used [0x0000000dbc480000,0x0000000dbc480000,0x0000000dca200000)
 ParOldGen       total 404992K, used 202285K [0x0000000180200000, 0x0000000198d80000, 0x0000000b80200000)
  object space 404992K, 49% used [0x0000000180200000,0x000000018c78b4e8,0x0000000198d80000)
 Metaspace       used 25672K, capacity 26078K, committed 26368K, reserved 26624K
Event: 3591.486 GC heap after
Heap after GC invocations=240 (full 54):
 PSYoungGen      total 8768512K, used 9291K [0x0000000b80200000, 0x0000000dca200000, 0x0000001080200000)
  eden space 8541696K, 0% used [0x0000000b80200000,0x0000000b80200000,0x0000000d89780000)
  from space 226816K, 4% used [0x0000000dbc480000,0x0000000dbcd92c60,0x0000000dca200000)
  to   space 231424K, 0% used [0x0000000d89780000,0x0000000d89780000,0x0000000d97980000)
 ParOldGen       total 404992K, used 202285K [0x0000000180200000, 0x0000000198d80000, 0x0000000b80200000)
  object space 404992K, 49% used [0x0000000180200000,0x000000018c78b4e8,0x0000000198d80000)
 Metaspace       used 25672K, capacity 26078K, committed 26368K, reserved 26624K
}
Event: 3592.193 GC heap before
{Heap before GC invocations=241 (full 54):
 PSYoungGen      total 8768512K, used 8550987K [0x0000000b80200000, 0x0000000dca200000, 0x0000001080200000)
  eden space 8541696K, 100% used [0x0000000b80200000,0x0000000d89780000,0x0000000d89780000)
  from space 226816K, 4% used [0x0000000dbc480000,0x0000000dbcd92c60,0x0000000dca200000)
  to   space 231424K, 0% used [0x0000000d89780000,0x0000000d89780000,0x0000000d97980000)
 ParOldGen       total 404992K, used 202285K [0x0000000180200000, 0x0000000198d80000, 0x0000000b80200000)
  object space 404992K, 49% used [0x0000000180200000,0x000000018c78b4e8,0x0000000198d80000)
 Metaspace       used 25672K, capacity 26078K, committed 26368K, reserved 26624K
Event: 3592.217 GC heap after
Heap after GC invocations=241 (full 54):
 PSYoungGen      total 8773120K, used 4864K [0x0000000b80200000, 0x0000000dca200000, 0x0000001080200000)
  eden space 8541696K, 0% used [0x0000000b80200000,0x0000000b80200000,0x0000000d89780000)
  from space 231424K, 2% used [0x0000000d89780000,0x0000000d89c40000,0x0000000d97980000)
  to   space 226816K, 0% used [0x0000000dbc480000,0x0000000dbc480000,0x0000000dca200000)
 ParOldGen       total 404992K, used 211119K [0x0000000180200000, 0x0000000198d80000, 0x0000000b80200000)
  object space 404992K, 52% used [0x0000000180200000,0x000000018d02bdc0,0x0000000198d80000)
 Metaspace       used 25672K, capacity 26078K, committed 26368K, reserved 26624K
}
Event: 3600.230 GC heap before
{Heap before GC invocations=242 (full 54):
 PSYoungGen      total 8773120K, used 8546560K [0x0000000b80200000, 0x0000000dca200000, 0x0000001080200000)
  eden space 8541696K, 100% used [0x0000000b80200000,0x0000000d89780000,0x0000000d89780000)
  from space 231424K, 2% used [0x0000000d89780000,0x0000000d89c40000,0x0000000d97980000)
  to   space 226816K, 0% used [0x0000000dbc480000,0x0000000dbc480000,0x0000000dca200000)
 ParOldGen       total 404992K, used 211119K [0x0000000180200000, 0x0000000198d80000, 0x0000000b80200000)
  object space 404992K, 52% used [0x0000000180200000,0x000000018d02bdc0,0x0000000198d80000)
 Metaspace       used 25672K, capacity 26078K, committed 26368K, reserved 26624K
Event: 3600.299 GC heap after
Heap after GC invocations=242 (full 54):
 PSYoungGen      total 8768512K, used 85355K [0x0000000b80200000, 0x0000000dca200000, 0x0000001080200000)
  eden space 8541696K, 0% used [0x0000000b80200000,0x0000000b80200000,0x0000000d89780000)
  from space 226816K, 37% used [0x0000000dbc480000,0x0000000dc17daf68,0x0000000dca200000)
  to   space 231424K, 0% used [0x0000000d89780000,0x0000000d89780000,0x0000000d97980000)
 ParOldGen       total 404992K, used 215959K [0x0000000180200000, 0x0000000198d80000, 0x0000000b80200000)
  object space 404992K, 53% used [0x0000000180200000,0x000000018d4e5dc0,0x0000000198d80000)
 Metaspace       used 25672K, capacity 26078K, committed 26368K, reserved 26624K
}

