# JRE version: Java(TM) SE Runtime Environment (8.0_65-b17) (build 1.8.0_65-b17)
# Java VM: Java HotSpot(TM) 64-Bit Server VM (25.65-b01 mixed mode windows-amd64 )
Heap:
 PSYoungGen      total 17137152K, used 13983231K [0x0000000bd5780000, 0x00000010e4380000, 0x0000001100200000)
  eden space 13337088K, 86% used [0x0000000bd5780000,0x0000000e930dfd38,0x0000000f03800000)
  from space 3800064K, 65% used [0x0000000f03800000,0x0000000f9b61ff88,0x0000000feb700000)
  to   space 3686912K, 0% used [0x0000001003300000,0x0000001003300000,0x00000010e4380000)
 ParOldGen       total 11316224K, used 8115649K [0x0000000180200000, 0x0000000432d00000, 0x0000000bd5780000)
  object space 11316224K, 71% used [0x0000000180200000,0x000000036f770510,0x0000000432d00000)
 Metaspace       used 28942K, capacity 29377K, committed 29696K, reserved 30720K
GC Heap History (10 events):
Event: 4294.993 GC heap before
{Heap before GC invocations=214 (full 15):
 PSYoungGen      total 16557568K, used 14894289K [0x0000000bd5780000, 0x00000010e0600000, 0x0000001100200000)
  eden space 12367360K, 100% used [0x0000000bd5780000,0x0000000ec8500000,0x0000000ec8500000)
  from space 4190208K, 60% used [0x0000000fe0a00000,0x000000107adb4618,0x00000010e0600000)
  to   space 4391424K, 0% used [0x0000000ec8500000,0x0000000ec8500000,0x0000000fd4580000)
 ParOldGen       total 11316224K, used 8115481K [0x0000000180200000, 0x0000000432d00000, 0x0000000bd5780000)
  object space 11316224K, 71% used [0x0000000180200000,0x000000036f746510,0x0000000432d00000)
 Metaspace       used 28811K, capacity 29185K, committed 29440K, reserved 30720K
Event: 4295.362 GC heap after
Heap after GC invocations=214 (full 15):
 PSYoungGen      total 16758784K, used 2511674K [0x0000000bd5780000, 0x00000010e9e80000, 0x0000001100200000)
  eden space 12367360K, 0% used [0x0000000bd5780000,0x0000000bd5780000,0x0000000ec8500000)
  from space 4391424K, 57% used [0x0000000ec8500000,0x0000000f619cea60,0x0000000fd4580000)
  to   space 4220416K, 0% used [0x0000000fe8500000,0x0000000fe8500000,0x00000010e9e80000)
 ParOldGen       total 11316224K, used 8115513K [0x0000000180200000, 0x0000000432d00000, 0x0000000bd5780000)
  object space 11316224K, 71% used [0x0000000180200000,0x000000036f74e510,0x0000000432d00000)
 Metaspace       used 28811K, capacity 29185K, committed 29440K, reserved 30720K
}
Event: 4304.161 GC heap before
{Heap before GC invocations=215 (full 15):
 PSYoungGen      total 16758784K, used 14879034K [0x0000000bd5780000, 0x00000010e9e80000, 0x0000001100200000)
  eden space 12367360K, 100% used [0x0000000bd5780000,0x0000000ec8500000,0x0000000ec8500000)
  from space 4391424K, 57% used [0x0000000ec8500000,0x0000000f619cea60,0x0000000fd4580000)
  to   space 4220416K, 0% used [0x0000000fe8500000,0x0000000fe8500000,0x00000010e9e80000)
 ParOldGen       total 11316224K, used 8115513K [0x0000000180200000, 0x0000000432d00000, 0x0000000bd5780000)
  object space 11316224K, 71% used [0x0000000180200000,0x000000036f74e510,0x0000000432d00000)
 Metaspace       used 28811K, capacity 29185K, committed 29440K, reserved 30720K
Event: 4304.533 GC heap after
Heap after GC invocations=215 (full 15):
 PSYoungGen      total 16768512K, used 2417791K [0x0000000bd5780000, 0x00000010d7b00000, 0x0000001100200000)
  eden space 12846592K, 0% used [0x0000000bd5780000,0x0000000bd5780000,0x0000000ee5900000)
  from space 3921920K, 61% used [0x0000000fe8500000,0x000000107be1ff10,0x00000010d7b00000)
  to   space 4080640K, 0% used [0x0000000ee5900000,0x0000000ee5900000,0x0000000fdea00000)
 ParOldGen       total 11316224K, used 8115529K [0x0000000180200000, 0x0000000432d00000, 0x0000000bd5780000)
  object space 11316224K, 71% used [0x0000000180200000,0x000000036f752510,0x0000000432d00000)
 Metaspace       used 28811K, capacity 29185K, committed 29440K, reserved 30720K
}
Event: 4313.534 GC heap before
{Heap before GC invocations=216 (full 15):
 PSYoungGen      total 16768512K, used 15264383K [0x0000000bd5780000, 0x00000010d7b00000, 0x0000001100200000)
  eden space 12846592K, 100% used [0x0000000bd5780000,0x0000000ee5900000,0x0000000ee5900000)
  from space 3921920K, 61% used [0x0000000fe8500000,0x000000107be1ff10,0x00000010d7b00000)
  to   space 4080640K, 0% used [0x0000000ee5900000,0x0000000ee5900000,0x0000000fdea00000)
 ParOldGen       total 11316224K, used 8115529K [0x0000000180200000, 0x0000000432d00000, 0x0000000bd5780000)
  object space 11316224K, 71% used [0x0000000180200000,0x000000036f752510,0x0000000432d00000)
 Metaspace       used 28811K, capacity 29185K, committed 29440K, reserved 30720K
Event: 4313.931 GC heap after
Heap after GC invocations=216 (full 15):
 PSYoungGen      total 16927232K, used 2557733K [0x0000000bd5780000, 0x00000010e3200000, 0x0000001100200000)
  eden space 12846592K, 0% used [0x0000000bd5780000,0x0000000bd5780000,0x0000000ee5900000)
  from space 4080640K, 62% used [0x0000000ee5900000,0x0000000f81ac9540,0x0000000fdea00000)
  to   space 3929600K, 0% used [0x0000000ff3480000,0x0000000ff3480000,0x00000010e3200000)
 ParOldGen       total 11316224K, used 8115569K [0x0000000180200000, 0x0000000432d00000, 0x0000000bd5780000)
  object space 11316224K, 71% used [0x0000000180200000,0x000000036f75c510,0x0000000432d00000)
 Metaspace       used 28811K, capacity 29185K, committed 29440K, reserved 30720K
}
Event: 4322.832 GC heap before
{Heap before GC invocations=217 (full 15):
 PSYoungGen      total 16927232K, used 15404325K [0x0000000bd5780000, 0x00000010e3200000, 0x0000001100200000)
  eden space 12846592K, 100% used [0x0000000bd5780000,0x0000000ee5900000,0x0000000ee5900000)
  from space 4080640K, 62% used [0x0000000ee5900000,0x0000000f81ac9540,0x0000000fdea00000)
  to   space 3929600K, 0% used [0x0000000ff3480000,0x0000000ff3480000,0x00000010e3200000)
 ParOldGen       total 11316224K, used 8115569K [0x0000000180200000, 0x0000000432d00000, 0x0000000bd5780000)
  object space 11316224K, 71% used [0x0000000180200000,0x000000036f75c510,0x0000000432d00000)
 Metaspace       used 28811K, capacity 29185K, committed 29440K, reserved 30720K
Event: 4323.262 GC heap after
Heap after GC invocations=217 (full 15):
 PSYoungGen      total 17008640K, used 2574681K [0x0000000bd5780000, 0x00000010d3600000, 0x0000001100200000)
  eden space 13337088K, 0% used [0x0000000bd5780000,0x0000000bd5780000,0x0000000f03800000)
  from space 3671552K, 70% used [0x0000000ff3480000,0x00000010906d6498,0x00000010d3600000)
  to   space 3800064K, 0% used [0x0000000f03800000,0x0000000f03800000,0x0000000feb700000)
 ParOldGen       total 11316224K, used 8115609K [0x0000000180200000, 0x0000000432d00000, 0x0000000bd5780000)
  object space 11316224K, 71% used [0x0000000180200000,0x000000036f766510,0x0000000432d00000)
 Metaspace       used 28811K, capacity 29185K, committed 29440K, reserved 30720K
}
Event: 4332.361 GC heap before
{Heap before GC invocations=218 (full 15):
 PSYoungGen      total 17008640K, used 15911769K [0x0000000bd5780000, 0x00000010d3600000, 0x0000001100200000)
  eden space 13337088K, 100% used [0x0000000bd5780000,0x0000000f03800000,0x0000000f03800000)
  from space 3671552K, 70% used [0x0000000ff3480000,0x00000010906d6498,0x00000010d3600000)
  to   space 3800064K, 0% used [0x0000000f03800000,0x0000000f03800000,0x0000000feb700000)
 ParOldGen       total 11316224K, used 8115609K [0x0000000180200000, 0x0000000432d00000, 0x0000000bd5780000)
  object space 11316224K, 71% used [0x0000000180200000,0x000000036f766510,0x0000000432d00000)
 Metaspace       used 28811K, capacity 29185K, committed 29440K, reserved 30720K
Event: 4332.761 GC heap after
Heap after GC invocations=218 (full 15):
 PSYoungGen      total 17137152K, used 2488447K [0x0000000bd5780000, 0x00000010e4380000, 0x0000001100200000)
  eden space 13337088K, 0% used [0x0000000bd5780000,0x0000000bd5780000,0x0000000f03800000)
  from space 3800064K, 65% used [0x0000000f03800000,0x0000000f9b61ff88,0x0000000feb700000)
  to   space 3686912K, 0% used [0x0000001003300000,0x0000001003300000,0x00000010e4380000)
 ParOldGen       total 11316224K, used 8115649K [0x0000000180200000, 0x0000000432d00000, 0x0000000bd5780000)
  object space 11316224K, 71% used [0x0000000180200000,0x000000036f770510,0x0000000432d00000)
 Metaspace       used 28811K, capacity 29185K, committed 29440K, reserved 30720K
}

