# JRE version: Java(TM) SE Runtime Environment (8.0_45-b15) (build 1.8.0_45-b15)
# Java VM: Java HotSpot(TM) 64-Bit Server VM (25.45-b02 mixed mode windows-amd64 )
Heap:
 PSYoungGen      total 20187648K, used 10038903K [0x0000000b80200000, 0x000000107da00000, 0x0000001080200000)
  eden space 19450880K, 49% used [0x0000000b80200000,0x0000000dc646a670,0x0000001023500000)
  from space 736768K, 67% used [0x0000001050700000,0x000000106f033828,0x000000107d680000)
  to   space 739328K, 0% used [0x0000001023500000,0x0000001023500000,0x0000001050700000)
 ParOldGen       total 3835392K, used 2964569K [0x0000000180200000, 0x000000026a380000, 0x0000000b80200000)
  object space 3835392K, 77% used [0x0000000180200000,0x0000000235116620,0x000000026a380000)
 Metaspace       used 27662K, capacity 28087K, committed 28416K, reserved 28672K
GC Heap History (10 events):
Event: 1157.170 GC heap before
{Heap before GC invocations=109 (full 19):
 PSYoungGen      total 19704832K, used 19359232K [0x0000000b80200000, 0x0000001078580000, 0x0000001080200000)
  eden space 19359232K, 100% used [0x0000000b80200000,0x000000101db80000,0x000000101db80000)
  from space 345600K, 0% used [0x000000101db80000,0x000000101db80000,0x0000001032d00000)
  to   space 741376K, 0% used [0x000000104b180000,0x000000104b180000,0x0000001078580000)
 ParOldGen       total 3835392K, used 2964569K [0x0000000180200000, 0x000000026a380000, 0x0000000b80200000)
  object space 3835392K, 77% used [0x0000000180200000,0x0000000235116620,0x000000026a380000)
 Metaspace       used 27646K, capacity 28023K, committed 28416K, reserved 28672K
Event: 1157.249 GC heap after
Heap after GC invocations=109 (full 19):
 PSYoungGen      total 20092416K, used 494253K [0x0000000b80200000, 0x000000107ca00000, 0x0000001080200000)
  eden space 19351040K, 0% used [0x0000000b80200000,0x0000000b80200000,0x000000101d380000)
  from space 741376K, 66% used [0x000000104b180000,0x000000106942b638,0x0000001078580000)
  to   space 751616K, 0% used [0x000000101d380000,0x000000101d380000,0x000000104b180000)
 ParOldGen       total 3835392K, used 2964569K [0x0000000180200000, 0x000000026a380000, 0x0000000b80200000)
  object space 3835392K, 77% used [0x0000000180200000,0x0000000235116620,0x000000026a380000)
 Metaspace       used 27646K, capacity 28023K, committed 28416K, reserved 28672K
}
Event: 1171.851 GC heap before
{Heap before GC invocations=110 (full 19):
 PSYoungGen      total 20092416K, used 19845293K [0x0000000b80200000, 0x000000107ca00000, 0x0000001080200000)
  eden space 19351040K, 100% used [0x0000000b80200000,0x000000101d380000,0x000000101d380000)
  from space 741376K, 66% used [0x000000104b180000,0x000000106942b638,0x0000001078580000)
  to   space 751616K, 0% used [0x000000101d380000,0x000000101d380000,0x000000104b180000)
 ParOldGen       total 3835392K, used 2964569K [0x0000000180200000, 0x000000026a380000, 0x0000000b80200000)
  object space 3835392K, 77% used [0x0000000180200000,0x0000000235116620,0x000000026a380000)
 Metaspace       used 27647K, capacity 28023K, committed 28416K, reserved 28672K
Event: 1171.943 GC heap after
Heap after GC invocations=110 (full 19):
 PSYoungGen      total 20102656K, used 497868K [0x0000000b80200000, 0x000000107d100000, 0x0000001080200000)
  eden space 19351040K, 0% used [0x0000000b80200000,0x0000000b80200000,0x000000101d380000)
  from space 751616K, 66% used [0x000000101d380000,0x000000103b9b30e0,0x000000104b180000)
  to   space 758272K, 0% used [0x000000104ec80000,0x000000104ec80000,0x000000107d100000)
 ParOldGen       total 3835392K, used 2964569K [0x0000000180200000, 0x000000026a380000, 0x0000000b80200000)
  object space 3835392K, 77% used [0x0000000180200000,0x0000000235116620,0x000000026a380000)
 Metaspace       used 27647K, capacity 28023K, committed 28416K, reserved 28672K
}
Event: 1186.326 GC heap before
{Heap before GC invocations=111 (full 19):
 PSYoungGen      total 20102656K, used 19848908K [0x0000000b80200000, 0x000000107d100000, 0x0000001080200000)
  eden space 19351040K, 100% used [0x0000000b80200000,0x000000101d380000,0x000000101d380000)
  from space 751616K, 66% used [0x000000101d380000,0x000000103b9b30e0,0x000000104b180000)
  to   space 758272K, 0% used [0x000000104ec80000,0x000000104ec80000,0x000000107d100000)
 ParOldGen       total 3835392K, used 2964569K [0x0000000180200000, 0x000000026a380000, 0x0000000b80200000)
  object space 3835392K, 77% used [0x0000000180200000,0x0000000235116620,0x000000026a380000)
 Metaspace       used 27647K, capacity 28023K, committed 28416K, reserved 28672K
Event: 1186.388 GC heap after
Heap after GC invocations=111 (full 19):
 PSYoungGen      total 20134400K, used 459146K [0x0000000b80200000, 0x000000107b800000, 0x0000001080200000)
  eden space 19401728K, 0% used [0x0000000b80200000,0x0000000b80200000,0x0000001020500000)
  from space 732672K, 62% used [0x000000104ec80000,0x000000106ace2be0,0x000000107b800000)
  to   space 747008K, 0% used [0x0000001020500000,0x0000001020500000,0x000000104de80000)
 ParOldGen       total 3835392K, used 2964569K [0x0000000180200000, 0x000000026a380000, 0x0000000b80200000)
  object space 3835392K, 77% used [0x0000000180200000,0x0000000235116620,0x000000026a380000)
 Metaspace       used 27647K, capacity 28023K, committed 28416K, reserved 28672K
}
Event: 1200.650 GC heap before
{Heap before GC invocations=112 (full 19):
 PSYoungGen      total 20134400K, used 19860874K [0x0000000b80200000, 0x000000107b800000, 0x0000001080200000)
  eden space 19401728K, 100% used [0x0000000b80200000,0x0000001020500000,0x0000001020500000)
  from space 732672K, 62% used [0x000000104ec80000,0x000000106ace2be0,0x000000107b800000)
  to   space 747008K, 0% used [0x0000001020500000,0x0000001020500000,0x000000104de80000)
 ParOldGen       total 3835392K, used 2964569K [0x0000000180200000, 0x000000026a380000, 0x0000000b80200000)
  object space 3835392K, 77% used [0x0000000180200000,0x0000000235116620,0x000000026a380000)
 Metaspace       used 27647K, capacity 28023K, committed 28416K, reserved 28672K
Event: 1200.732 GC heap after
Heap after GC invocations=112 (full 19):
 PSYoungGen      total 20148736K, used 463595K [0x0000000b80200000, 0x000000107d680000, 0x0000001080200000)
  eden space 19401728K, 0% used [0x0000000b80200000,0x0000000b80200000,0x0000001020500000)
  from space 747008K, 62% used [0x0000001020500000,0x000000103c9bad58,0x000000104de80000)
  to   space 736768K, 0% used [0x0000001050700000,0x0000001050700000,0x000000107d680000)
 ParOldGen       total 3835392K, used 2964569K [0x0000000180200000, 0x000000026a380000, 0x0000000b80200000)
  object space 3835392K, 77% used [0x0000000180200000,0x0000000235116620,0x000000026a380000)
 Metaspace       used 27647K, capacity 28023K, committed 28416K, reserved 28672K
}
Event: 1215.121 GC heap before
{Heap before GC invocations=113 (full 19):
 PSYoungGen      total 20148736K, used 19865323K [0x0000000b80200000, 0x000000107d680000, 0x0000001080200000)
  eden space 19401728K, 100% used [0x0000000b80200000,0x0000001020500000,0x0000001020500000)
  from space 747008K, 62% used [0x0000001020500000,0x000000103c9bad58,0x000000104de80000)
  to   space 736768K, 0% used [0x0000001050700000,0x0000001050700000,0x000000107d680000)
 ParOldGen       total 3835392K, used 2964569K [0x0000000180200000, 0x000000026a380000, 0x0000000b80200000)
  object space 3835392K, 77% used [0x0000000180200000,0x0000000235116620,0x000000026a380000)
 Metaspace       used 27647K, capacity 28023K, committed 28416K, reserved 28672K
Event: 1215.188 GC heap after
Heap after GC invocations=113 (full 19):
 PSYoungGen      total 20187648K, used 500942K [0x0000000b80200000, 0x000000107da00000, 0x0000001080200000)
  eden space 19450880K, 0% used [0x0000000b80200000,0x0000000b80200000,0x0000001023500000)
  from space 736768K, 67% used [0x0000001050700000,0x000000106f033828,0x000000107d680000)
  to   space 739328K, 0% used [0x0000001023500000,0x0000001023500000,0x0000001050700000)
 ParOldGen       total 3835392K, used 2964569K [0x0000000180200000, 0x000000026a380000, 0x0000000b80200000)
  object space 3835392K, 77% used [0x0000000180200000,0x0000000235116620,0x000000026a380000)
 Metaspace       used 27647K, capacity 28023K, committed 28416K, reserved 28672K
}

